Number of platforms: 1

platform: 0
 - CL_PLATFORM_NAME : AMD Accelerated Parallel Processing
 - CL_VENDOR_NAME : Advanced Micro Devices, Inc.

Number of devices : 5

device: 0
- CL_DEVICE_TYPE             : CL_DEVICE_TYPE_GPU
- CL_DEVICE_NAME		: Tahiti
- CL_DEVICE_MAX_WORK_GROUP_SIZE  : 256
- CL_DEVICE_GLOBLA_MEM_SIZE  : 3064640832
- CL_DEVICE_LOCAL_MEM_SIZE  : 32768
- CL_DEVICE_MAX_MEM_ALLOC_SIZE  : 2130149376
device: 1
- CL_DEVICE_TYPE             : CL_DEVICE_TYPE_GPU
- CL_DEVICE_NAME		: Tahiti
- CL_DEVICE_MAX_WORK_GROUP_SIZE  : 256
- CL_DEVICE_GLOBLA_MEM_SIZE  : 3152639936
- CL_DEVICE_LOCAL_MEM_SIZE  : 32768
- CL_DEVICE_MAX_MEM_ALLOC_SIZE  : 2196013056
device: 2
- CL_DEVICE_TYPE             : CL_DEVICE_TYPE_GPU
- CL_DEVICE_NAME		: Tahiti
- CL_DEVICE_MAX_WORK_GROUP_SIZE  : 256
- CL_DEVICE_GLOBLA_MEM_SIZE  : 3152639936
- CL_DEVICE_LOCAL_MEM_SIZE  : 32768
- CL_DEVICE_MAX_MEM_ALLOC_SIZE  : 2196013056
device: 3
- CL_DEVICE_TYPE             : CL_DEVICE_TYPE_GPU
- CL_DEVICE_NAME		: Tahiti
- CL_DEVICE_MAX_WORK_GROUP_SIZE  : 256
- CL_DEVICE_GLOBLA_MEM_SIZE  : 3152639936
- CL_DEVICE_LOCAL_MEM_SIZE  : 32768
- CL_DEVICE_MAX_MEM_ALLOC_SIZE  : 2196013056
device: 4
- CL_DEVICE_TYPE             : CL_DEVICE_TYPE_CPU
- CL_DEVICE_NAME		: Intel(R) Xeon(R) CPU E5-2650 0 @ 2.00GHz
- CL_DEVICE_MAX_WORK_GROUP_SIZE  : 1024
- CL_DEVICE_GLOBLA_MEM_SIZE  : 151902904320
- CL_DEVICE_LOCAL_MEM_SIZE  : 32768
- CL_DEVICE_MAX_MEM_ALLOC_SIZE  : 37975726080
