Number of platforms: 1

platform: 0
 - CL_PLATFORM_NAME : NVIDIA CUDA
 - CL_VENDOR_NAME : NVIDIA Corporation

Number of devices : 4

device: 0
- CL_DEVICE_TYPE             : CL_DEVICE_TYPE_GPU
- CL_DEVICE_NAME		: GeForce GTX 1080
- CL_DEVICE_MAX_WORK_GROUP_SIZE  : 1024
- CL_DEVICE_GLOBLA_MEM_SIZE  : 8507162624
- CL_DEVICE_LOCAL_MEM_SIZE  : 49152
- CL_DEVICE_MAX_MEM_ALLOC_SIZE  : 2126790656
device: 1
- CL_DEVICE_TYPE             : CL_DEVICE_TYPE_GPU
- CL_DEVICE_NAME		: GeForce GTX 1080
- CL_DEVICE_MAX_WORK_GROUP_SIZE  : 1024
- CL_DEVICE_GLOBLA_MEM_SIZE  : 8507555840
- CL_DEVICE_LOCAL_MEM_SIZE  : 49152
- CL_DEVICE_MAX_MEM_ALLOC_SIZE  : 2126888960
device: 2
- CL_DEVICE_TYPE             : CL_DEVICE_TYPE_GPU
- CL_DEVICE_NAME		: GeForce GTX 1080
- CL_DEVICE_MAX_WORK_GROUP_SIZE  : 1024
- CL_DEVICE_GLOBLA_MEM_SIZE  : 8507555840
- CL_DEVICE_LOCAL_MEM_SIZE  : 49152
- CL_DEVICE_MAX_MEM_ALLOC_SIZE  : 2126888960
device: 3
- CL_DEVICE_TYPE             : CL_DEVICE_TYPE_GPU
- CL_DEVICE_NAME		: GeForce GTX 1080
- CL_DEVICE_MAX_WORK_GROUP_SIZE  : 1024
- CL_DEVICE_GLOBLA_MEM_SIZE  : 8507555840
- CL_DEVICE_LOCAL_MEM_SIZE  : 49152
- CL_DEVICE_MAX_MEM_ALLOC_SIZE  : 2126888960
